#
# A fatal error has been detected by the Java Runtime Environment:
#
#  EXCEPTION_ACCESS_VIOLATION (0xc0000005) at pc=0x000001f563141066, pid=13876, tid=0x0000000000001cc0
#
# JRE version: Java(TM) SE Runtime Environment (8.0_331-b09) (build 1.8.0_331-b09)
# Java VM: Java HotSpot(TM) 64-Bit Server VM (25.331-b09 mixed mode windows-amd64 compressed oops)
# Problematic frame:
# C  [OpenAL64.dll+0x11066]
#
# Failed to write core dump. Minidumps are not enabled by default on client versions of Windows
#
# If you would like to submit a bug report, please visit:
#   http://bugreport.java.com/bugreport/crash.jsp
# The crash happened outside the Java Virtual Machine in native code.
# See problematic frame for where to report the bug.
#

---------------  T H R E A D  ---------------

Current thread (0x000001f54235a800):  JavaThread "main" [_thread_in_native, id=7360, stack(0x0000004f8b700000,0x0000004f8b800000)]

siginfo: ExceptionCode=0xc0000005, reading address 0x000001f561cc6004

Registers:
RAX=0x000000000002ffff, RBX=0x000001f5669e0090, RCX=0x000001f561cc6008, RDX=0x000001f561cc6004
RSP=0x0000004f8b7fb850, RBP=0x00000000000000ff, RSI=0x000001f561cc056c, RDI=0x0000000000000000
R8 =0x00000000000016a6, R9 =0x000001f561cc056c, R10=0x000001f543c699c2, R11=0x0000000052a8a940
R12=0x0000000000000001, R13=0x000001f562f30d78, R14=0x0000004f8b7fb9f0, R15=0x000001f54235a800
RIP=0x000001f563141066, EFLAGS=0x0000000000010202

Top of Stack: (sp=0x0000004f8b7fb850)
0x0000004f8b7fb850:   0000000000000000 000001f54235a800
0x0000004f8b7fb860:   000001f562f30d78 0000000000000000
0x0000004f8b7fb870:   000001f562f30d78 0000000000000000
0x0000004f8b7fb880:   000001f54235a800 0000004f8b7fb9f0
0x0000004f8b7fb890:   0000004f8b7fb9b8 000000005292357b
0x0000004f8b7fb8a0:   0000004f8b7fb8d0 0000000000000013
0x0000004f8b7fb8b0:   000001f5423275f0 000001f542359f60
0x0000004f8b7fb8c0:   000001f54235a800 0000004f8b7fb9f0
0x0000004f8b7fb8d0:   000001f562f30d78 0000000000000000
0x0000004f8b7fb8e0:   000001f561cc056c 0000000000000007
0x0000004f8b7fb8f0:   0000004f8b7fb9b8 000001f56314248f
0x0000004f8b7fb900:   000001f5669e0090 000001f5669e0090
0x0000004f8b7fb910:   000001f50000ac44 000001f50002ffff
0x0000004f8b7fb920:   000001f543c57f10 000001f543c699ee
0x0000004f8b7fb930:   000001f562f30d78 0000000000000007
0x0000004f8b7fb940:   000001f543c57f10 000001f543c696fb 

Instructions: (pc=0x000001f563141066)
0x000001f563141046:   41 2b ec 81 3a 03 00 02 00 75 09 8b 01 89 84 24
0x000001f563141056:   c8 00 00 00 49 83 c0 02 48 83 c1 08 4a 8d 14 86
0x000001f563141066:   39 3a 75 af 4c 8d 84 24 c0 00 00 00 48 8d 15 d7
0x000001f563141076:   2b 03 00 33 c9 e8 58 5f 00 00 b8 40 1f 00 00 4c 


Register to memory mapping:

RAX=0x000000000002ffff is an unknown value
RBX=0x000001f5669e0090 is an unknown value
RCX=0x000001f561cc6008 is an unknown value
RDX=0x000001f561cc6004 is an unknown value
RSP=0x0000004f8b7fb850 is pointing into the stack for thread: 0x000001f54235a800
RBP=0x00000000000000ff is an unknown value
RSI=0x000001f561cc056c is an unknown value
RDI=0x0000000000000000 is an unknown value
R8 =0x00000000000016a6 is an unknown value
R9 =0x000001f561cc056c is an unknown value
R10=0x000001f543c699c2 is at code_begin+962 in an Interpreter codelet
method entry point (kind = native)  [0x000001f543c69600, 0x000001f543c6a0a0]  2720 bytes
R11=0x0000000052a8a940 is an unknown value
R12=0x0000000000000001 is an unknown value
R13={method} {0x000001f562f30d80} 'nalcCreateContext' '(JJ)J' in 'org/lwjgl/openal/ALC10'
R14=0x0000004f8b7fb9f0 is pointing into the stack for thread: 0x000001f54235a800
R15=0x000001f54235a800 is a thread


Stack: [0x0000004f8b700000,0x0000004f8b800000],  sp=0x0000004f8b7fb850,  free space=1006k
Native frames: (J=compiled Java code, j=interpreted, Vv=VM code, C=native code)
C  [OpenAL64.dll+0x11066]
C  [OpenAL64.dll+0x1248f]
C  0x000001f543c699ee

Java frames: (J=compiled Java code, j=interpreted, Vv=VM code)
j  org.lwjgl.openal.ALC10.nalcCreateContext(JJ)J+0
j  org.lwjgl.openal.ALC10.alcCreateContext(Lorg/lwjgl/openal/ALCdevice;Ljava/nio/IntBuffer;)Lorg/lwjgl/openal/ALCcontext;+8
j  org.lwjgl.openal.AL.init(Ljava/lang/String;IIZZ)V+69
j  org.lwjgl.openal.AL.create(Ljava/lang/String;IIZZ)V+246
j  org.lwjgl.openal.AL.create(Ljava/lang/String;IIZ)V+5
j  org.lwjgl.openal.AL.create()V+6
j  com.badlogic.gdx.backends.lwjgl.audio.OpenALAudio.<init>(III)V+114
j  com.badlogic.gdx.backends.lwjgl.LwjglApplication.<init>(Lcom/badlogic/gdx/ApplicationListener;Lcom/badlogic/gdx/backends/lwjgl/LwjglApplicationConfiguration;Lcom/badlogic/gdx/backends/lwjgl/LwjglGraphics;)V+120
j  com.badlogic.gdx.backends.lwjgl.LwjglApplication.<init>(Lcom/badlogic/gdx/ApplicationListener;Lcom/badlogic/gdx/backends/lwjgl/LwjglApplicationConfiguration;)V+11
j  org.uqbar.project.wollok.game.gameboard.WollokGDXApplication.<init>(Lorg/uqbar/project/wollok/game/gameboard/Gameboard;Ljava/lang/Boolean;)V+17
j  org.uqbar.project.wollok.game.helpers.Application.start(Lorg/uqbar/project/wollok/game/gameboard/Gameboard;Ljava/lang/Boolean;)V+5
j  org.uqbar.project.wollok.game.gameboard.Gameboard.start(Ljava/lang/Boolean;)V+13
j  wollok.game.GameObject.doStart(Ljava/lang/Boolean;)V+12
v  ~StubRoutines::call_stub
J 3236  sun.reflect.NativeMethodAccessorImpl.invoke0(Ljava/lang/reflect/Method;Ljava/lang/Object;[Ljava/lang/Object;)Ljava/lang/Object; (0 bytes) @ 0x000001f5446a937f [0x000001f5446a9300+0x7f]
J 3235 C1 sun.reflect.NativeMethodAccessorImpl.invoke(Ljava/lang/Object;[Ljava/lang/Object;)Ljava/lang/Object; (104 bytes) @ 0x000001f5446bd5fc [0x000001f5446bc400+0x11fc]
J 4014 C2 java.lang.reflect.Method.invoke(Ljava/lang/Object;[Ljava/lang/Object;)Ljava/lang/Object; (62 bytes) @ 0x000001f544945ce4 [0x000001f544945c60+0x84]
J 4272 C1 org.uqbar.project.wollok.ui.utils.XTendUtilExtensions.invokeConvertingArgs(Ljava/lang/reflect/Method;Ljava/lang/Object;[Ljava/lang/Object;)Lorg/uqbar/project/wollok/interpreter/core/WollokObject; (368 bytes) @ 0x000001f544a5adfc [0x000001f544a59220+0x1bdc]
J 4216 C1 org.uqbar.project.wollok.interpreter.AbstractWollokCallable._invokeNative(Ljava/lang/Object;Ljava/lang/String;[Lorg/uqbar/project/wollok/interpreter/core/WollokObject;)Lorg/uqbar/project/wollok/interpreter/core/WollokObject; (49 bytes) @ 0x000001f544a159e4 [0x000001f544a15740+0x2a4]
J 4261 C1 org.uqbar.project.wollok.interpreter.AbstractWollokCallable.invokeNative(Ljava/lang/Object;Ljava/lang/String;[Lorg/uqbar/project/wollok/interpreter/core/WollokObject;)Lorg/uqbar/project/wollok/interpreter/core/WollokObject; (76 bytes) @ 0x000001f544a40dc4 [0x000001f544a40160+0xc64]
J 4199 C1 org.uqbar.project.wollok.interpreter.AbstractWollokCallable$1.apply()Lorg/uqbar/project/wollok/interpreter/core/WollokObject; (145 bytes) @ 0x000001f544a125ac [0x000001f544a11f40+0x66c]
J 4198 C1 org.uqbar.project.wollok.interpreter.AbstractWollokCallable$1.apply()Ljava/lang/Object; (5 bytes) @ 0x000001f5449f0e4c [0x000001f5449f0dc0+0x8c]
J 4190 C1 org.uqbar.project.wollok.interpreter.threads.WThread.performOnStack(Lorg/eclipse/emf/ecore/EObject;Lorg/uqbar/project/wollok/interpreter/context/EvaluationContext;Lorg/eclipse/xtext/xbase/lib/Functions$Function0;)Lorg/uqbar/project/wollok/interpreter/core/WollokObject; (157 bytes) @ 0x000001f5449f9b64 [0x000001f5449f9840+0x324]
J 4116 C1 org.uqbar.project.wollok.interpreter.AbstractWollokCallable.call(Lorg/uqbar/project/wollok/wollokDsl/WMethodDeclaration;[Lorg/uqbar/project/wollok/interpreter/core/WollokObject;)Lorg/uqbar/project/wollok/interpreter/core/WollokObject; (46 bytes) @ 0x000001f5449b563c [0x000001f5449b4820+0xe1c]
J 4202 C1 org.uqbar.project.wollok.interpreter.core.WollokObject.call(Ljava/lang/String;[Lorg/uqbar/project/wollok/interpreter/core/WollokObject;)Lorg/uqbar/project/wollok/interpreter/core/WollokObject; (61 bytes) @ 0x000001f544a0178c [0x000001f544a010c0+0x6cc]
J 4266 C1 org.uqbar.project.wollok.interpreter.WollokInterpreterEvaluator._evaluate(Lorg/uqbar/project/wollok/wollokDsl/WFeatureCall;)Lorg/uqbar/project/wollok/interpreter/core/WollokObject; (125 bytes) @ 0x000001f544a50904 [0x000001f544a4f740+0x11c4]
J 3947 C1 org.uqbar.project.wollok.launch.WollokLauncherInterpreterEvaluator.evaluate(Lorg/eclipse/emf/ecore/EObject;)Lorg/uqbar/project/wollok/interpreter/core/WollokObject; (502 bytes) @ 0x000001f54490cf3c [0x000001f544908c80+0x42bc]
J 3886 C1 org.uqbar.project.wollok.interpreter.WollokInterpreter.eval(Lorg/eclipse/emf/ecore/EObject;)Lorg/uqbar/project/wollok/interpreter/core/WollokObject; (190 bytes) @ 0x000001f5448d5f4c [0x000001f5448d5480+0xacc]
J 4166 C1 org.uqbar.project.wollok.interpreter.WollokInterpreterEvaluator$1.apply(Ljava/lang/Object;Ljava/lang/Object;)Ljava/lang/Object; (13 bytes) @ 0x000001f5449e2764 [0x000001f5449e2360+0x404]
J 3616 C1 org.eclipse.xtext.xbase.lib.IteratorExtensions.fold(Ljava/util/Iterator;Ljava/lang/Object;Lorg/eclipse/xtext/xbase/lib/Functions$Function2;)Ljava/lang/Object; (30 bytes) @ 0x000001f5447d541c [0x000001f5447d5260+0x1bc]
J 4304 C1 org.uqbar.project.wollok.interpreter.WollokInterpreterEvaluator._evaluate(Lorg/uqbar/project/wollok/wollokDsl/WBlockExpression;)Lorg/uqbar/project/wollok/interpreter/core/WollokObject; (40 bytes) @ 0x000001f544a8fd7c [0x000001f544a8f100+0xc7c]
J 3947 C1 org.uqbar.project.wollok.launch.WollokLauncherInterpreterEvaluator.evaluate(Lorg/eclipse/emf/ecore/EObject;)Lorg/uqbar/project/wollok/interpreter/core/WollokObject; (502 bytes) @ 0x000001f54491029c [0x000001f544908c80+0x761c]
J 3886 C1 org.uqbar.project.wollok.interpreter.WollokInterpreter.eval(Lorg/eclipse/emf/ecore/EObject;)Lorg/uqbar/project/wollok/interpreter/core/WollokObject; (190 bytes) @ 0x000001f5448d5f4c [0x000001f5448d5480+0xacc]
J 4199 C1 org.uqbar.project.wollok.interpreter.AbstractWollokCallable$1.apply()Lorg/uqbar/project/wollok/interpreter/core/WollokObject; (145 bytes) @ 0x000001f544a12974 [0x000001f544a11f40+0xa34]
J 4198 C1 org.uqbar.project.wollok.interpreter.AbstractWollokCallable$1.apply()Ljava/lang/Object; (5 bytes) @ 0x000001f5449f0e4c [0x000001f5449f0dc0+0x8c]
J 4190 C1 org.uqbar.project.wollok.interpreter.threads.WThread.performOnStack(Lorg/eclipse/emf/ecore/EObject;Lorg/uqbar/project/wollok/interpreter/context/EvaluationContext;Lorg/eclipse/xtext/xbase/lib/Functions$Function0;)Lorg/uqbar/project/wollok/interpreter/core/WollokObject; (157 bytes) @ 0x000001f5449f9b64 [0x000001f5449f9840+0x324]
J 4116 C1 org.uqbar.project.wollok.interpreter.AbstractWollokCallable.call(Lorg/uqbar/project/wollok/wollokDsl/WMethodDeclaration;[Lorg/uqbar/project/wollok/interpreter/core/WollokObject;)Lorg/uqbar/project/wollok/interpreter/core/WollokObject; (46 bytes) @ 0x000001f5449b563c [0x000001f5449b4820+0xe1c]
J 4202 C1 org.uqbar.project.wollok.interpreter.core.WollokObject.call(Ljava/lang/String;[Lorg/uqbar/project/wollok/interpreter/core/WollokObject;)Lorg/uqbar/project/wollok/interpreter/core/WollokObject; (61 bytes) @ 0x000001f544a0178c [0x000001f544a010c0+0x6cc]
J 4266 C1 org.uqbar.project.wollok.interpreter.WollokInterpreterEvaluator._evaluate(Lorg/uqbar/project/wollok/wollokDsl/WFeatureCall;)Lorg/uqbar/project/wollok/interpreter/core/WollokObject; (125 bytes) @ 0x000001f544a50904 [0x000001f544a4f740+0x11c4]
J 3947 C1 org.uqbar.project.wollok.launch.WollokLauncherInterpreterEvaluator.evaluate(Lorg/eclipse/emf/ecore/EObject;)Lorg/uqbar/project/wollok/interpreter/core/WollokObject; (502 bytes) @ 0x000001f54490cf3c [0x000001f544908c80+0x42bc]
J 3886 C1 org.uqbar.project.wollok.interpreter.WollokInterpreter.eval(Lorg/eclipse/emf/ecore/EObject;)Lorg/uqbar/project/wollok/interpreter/core/WollokObject; (190 bytes) @ 0x000001f5448d5f4c [0x000001f5448d5480+0xacc]
J 4166 C1 org.uqbar.project.wollok.interpreter.WollokInterpreterEvaluator$1.apply(Ljava/lang/Object;Ljava/lang/Object;)Ljava/lang/Object; (13 bytes) @ 0x000001f5449e2764 [0x000001f5449e2360+0x404]
J 3615 C1 org.eclipse.xtext.xbase.lib.IterableExtensions.fold(Ljava/lang/Iterable;Ljava/lang/Object;Lorg/eclipse/xtext/xbase/lib/Functions$Function2;)Ljava/lang/Object; (12 bytes) @ 0x000001f5447d4bac [0x000001f5447d4900+0x2ac]
j  org.uqbar.project.wollok.interpreter.WollokInterpreterEvaluator.evalAll(Ljava/lang/Iterable;)Lorg/uqbar/project/wollok/interpreter/core/WollokObject;+12
j  org.uqbar.project.wollok.interpreter.WollokInterpreterEvaluator._evaluate(Lorg/uqbar/project/wollok/wollokDsl/WBlockExpression;)Lorg/uqbar/project/wollok/interpreter/core/WollokObject;+34
j  org.uqbar.project.wollok.launch.WollokLauncherInterpreterEvaluator.evaluate(Lorg/eclipse/emf/ecore/EObject;)Lorg/uqbar/project/wollok/interpreter/core/WollokObject;+76
j  org.uqbar.project.wollok.interpreter.WollokInterpreterEvaluator.evaluate(Lorg/eclipse/emf/ecore/EObject;)Ljava/lang/Object;+2
j  org.uqbar.project.wollok.interpreter.WollokInterpreter.eval(Lorg/eclipse/emf/ecore/EObject;)Lorg/uqbar/project/wollok/interpreter/core/WollokObject;+63
j  org.uqbar.project.wollok.interpreter.AbstractWollokCallable.eval(Lorg/eclipse/emf/ecore/EObject;)Lorg/uqbar/project/wollok/interpreter/core/WollokObject;+5
j  org.uqbar.project.wollok.interpreter.AbstractWollokCallable$1.apply()Lorg/uqbar/project/wollok/interpreter/core/WollokObject;+110
j  org.uqbar.project.wollok.interpreter.AbstractWollokCallable$1.apply()Ljava/lang/Object;+1
j  org.uqbar.project.wollok.interpreter.threads.WThread.performOnStack(Lorg/eclipse/emf/ecore/EObject;Lorg/uqbar/project/wollok/interpreter/context/EvaluationContext;Lorg/eclipse/xtext/xbase/lib/Functions$Function0;)Lorg/uqbar/project/wollok/interpreter/core/WollokObject;+29
j  org.uqbar.project.wollok.interpreter.WollokInterpreter.performOnStack(Lorg/eclipse/emf/ecore/EObject;Lorg/uqbar/project/wollok/interpreter/context/EvaluationContext;Lorg/eclipse/xtext/xbase/lib/Functions$Function0;)Lorg/uqbar/project/wollok/interpreter/core/WollokObject;+7
j  org.uqbar.project.wollok.interpreter.AbstractWollokCallable.call(Lorg/uqbar/project/wollok/wollokDsl/WMethodDeclaration;[Lorg/uqbar/project/wollok/interpreter/core/WollokObject;)Lorg/uqbar/project/wollok/interpreter/core/WollokObject;+38
j  org.uqbar.project.wollok.interpreter.core.WollokObject.call(Ljava/lang/String;[Lorg/uqbar/project/wollok/interpreter/core/WollokObject;)Lorg/uqbar/project/wollok/interpreter/core/WollokObject;+55
j  org.uqbar.project.wollok.interpreter.WollokInterpreterEvaluator._evaluate(Lorg/uqbar/project/wollok/wollokDsl/WFeatureCall;)Lorg/uqbar/project/wollok/interpreter/core/WollokObject;+119
j  org.uqbar.project.wollok.launch.WollokLauncherInterpreterEvaluator.evaluate(Lorg/eclipse/emf/ecore/EObject;)Lorg/uqbar/project/wollok/interpreter/core/WollokObject;+412
j  org.uqbar.project.wollok.interpreter.WollokInterpreterEvaluator.evaluate(Lorg/eclipse/emf/ecore/EObject;)Ljava/lang/Object;+2
j  org.uqbar.project.wollok.interpreter.WollokInterpreter.eval(Lorg/eclipse/emf/ecore/EObject;)Lorg/uqbar/project/wollok/interpreter/core/WollokObject;+63
j  org.uqbar.project.wollok.interpreter.WollokInterpreterEvaluator.eval(Lorg/eclipse/emf/ecore/EObject;)Lorg/uqbar/project/wollok/interpreter/core/WollokObject;+5
j  org.uqbar.project.wollok.interpreter.WollokInterpreterEvaluator$1.apply(Lorg/uqbar/project/wollok/interpreter/core/WollokObject;Lorg/eclipse/emf/ecore/EObject;)Lorg/uqbar/project/wollok/interpreter/core/WollokObject;+5
j  org.uqbar.project.wollok.interpreter.WollokInterpreterEvaluator$1.apply(Ljava/lang/Object;Ljava/lang/Object;)Ljava/lang/Object;+9
j  org.eclipse.xtext.xbase.lib.IteratorExtensions.fold(Ljava/util/Iterator;Ljava/lang/Object;Lorg/eclipse/xtext/xbase/lib/Functions$Function2;)Ljava/lang/Object;+19
j  org.eclipse.xtext.xbase.lib.IterableExtensions.fold(Ljava/lang/Iterable;Ljava/lang/Object;Lorg/eclipse/xtext/xbase/lib/Functions$Function2;)Ljava/lang/Object;+8
j  org.uqbar.project.wollok.interpreter.WollokInterpreterEvaluator.evalAll(Ljava/lang/Iterable;)Lorg/uqbar/project/wollok/interpreter/core/WollokObject;+12
j  org.uqbar.project.wollok.interpreter.WollokInterpreterEvaluator._evaluate(Lorg/uqbar/project/wollok/wollokDsl/WProgram;)Lorg/uqbar/project/wollok/interpreter/core/WollokObject;+18
j  org.uqbar.project.wollok.launch.WollokLauncherInterpreterEvaluator.evaluate(Lorg/eclipse/emf/ecore/EObject;)Lorg/uqbar/project/wollok/interpreter/core/WollokObject;+444
j  org.uqbar.project.wollok.interpreter.WollokInterpreterEvaluator.evaluate(Lorg/eclipse/emf/ecore/EObject;)Ljava/lang/Object;+2
j  org.uqbar.project.wollok.interpreter.WollokInterpreter.eval(Lorg/eclipse/emf/ecore/EObject;)Lorg/uqbar/project/wollok/interpreter/core/WollokObject;+63
j  org.uqbar.project.wollok.interpreter.WollokInterpreterEvaluator.eval(Lorg/eclipse/emf/ecore/EObject;)Lorg/uqbar/project/wollok/interpreter/core/WollokObject;+5
j  org.uqbar.project.wollok.launch.WollokLauncherInterpreterEvaluator._evaluate(Lorg/uqbar/project/wollok/wollokDsl/WFile;)Lorg/uqbar/project/wollok/interpreter/core/WollokObject;+32
j  org.uqbar.project.wollok.launch.WollokLauncherInterpreterEvaluator.evaluate(Lorg/eclipse/emf/ecore/EObject;)Lorg/uqbar/project/wollok/interpreter/core/WollokObject;+428
j  org.uqbar.project.wollok.interpreter.WollokInterpreterEvaluator.evaluate(Lorg/eclipse/emf/ecore/EObject;)Ljava/lang/Object;+2
j  org.uqbar.project.wollok.interpreter.WollokInterpreter.interpret(Lorg/eclipse/emf/ecore/EObject;Ljava/lang/Boolean;)Lorg/uqbar/project/wollok/interpreter/core/WollokObject;+25
j  org.uqbar.project.wollok.launch.repl.WollokRepl.executeInput(Ljava/lang/String;)Ljava/lang/Object;+38
j  org.uqbar.project.wollok.launch.repl.WollokRepl.startRepl()V+29
j  org.uqbar.project.wollok.launch.WollokLauncher.doSomething(Lorg/uqbar/project/wollok/wollokDsl/WFile;Lcom/google/inject/Injector;Ljava/io/File;Lorg/uqbar/project/wollok/launch/WollokLauncherParameters;)V+189
j  org.uqbar.project.wollok.launch.WollokChecker.launch(Ljava/lang/String;Lorg/uqbar/project/wollok/launch/WollokLauncherParameters;)V+31
j  org.uqbar.project.wollok.launch.WollokChecker.doMain([Ljava/lang/String;)V+205
j  org.uqbar.project.wollok.launch.WollokLauncher.main([Ljava/lang/String;)V+8
v  ~StubRoutines::call_stub

---------------  P R O C E S S  ---------------

Java Threads: ( => current thread )
  0x000001f561934800 JavaThread "ConnectionHandler (127.0.0.1:51970)" daemon [_thread_in_native, id=14572, stack(0x0000004f8cf00000,0x0000004f8d000000)]
  0x000001f56038b000 JavaThread "com.google.inject.internal.util.$Finalizer" daemon [_thread_blocked, id=20692, stack(0x0000004f8ce00000,0x0000004f8cf00000)]
  0x000001f560119000 JavaThread "EMF Reference Cleaner" daemon [_thread_blocked, id=11076, stack(0x0000004f8cd00000,0x0000004f8ce00000)]
  0x000001f55f4e2800 JavaThread "Service Thread" daemon [_thread_blocked, id=9796, stack(0x0000004f8cb00000,0x0000004f8cc00000)]
  0x000001f55d015800 JavaThread "C1 CompilerThread3" daemon [_thread_blocked, id=19496, stack(0x0000004f8ca00000,0x0000004f8cb00000)]
  0x000001f55d012800 JavaThread "C2 CompilerThread2" daemon [_thread_blocked, id=13420, stack(0x0000004f8c900000,0x0000004f8ca00000)]
  0x000001f55d00b800 JavaThread "C2 CompilerThread1" daemon [_thread_blocked, id=6564, stack(0x0000004f8c800000,0x0000004f8c900000)]
  0x000001f55d008800 JavaThread "C2 CompilerThread0" daemon [_thread_blocked, id=14244, stack(0x0000004f8c700000,0x0000004f8c800000)]
  0x000001f55d007000 JavaThread "Attach Listener" daemon [_thread_blocked, id=16304, stack(0x0000004f8c600000,0x0000004f8c700000)]
  0x000001f55d006000 JavaThread "Signal Dispatcher" daemon [_thread_blocked, id=15528, stack(0x0000004f8c500000,0x0000004f8c600000)]
  0x000001f55cfe4000 JavaThread "Finalizer" daemon [_thread_blocked, id=17924, stack(0x0000004f8c400000,0x0000004f8c500000)]
  0x000001f55cfbd000 JavaThread "Reference Handler" daemon [_thread_blocked, id=7060, stack(0x0000004f8c300000,0x0000004f8c400000)]
=>0x000001f54235a800 JavaThread "main" [_thread_in_native, id=7360, stack(0x0000004f8b700000,0x0000004f8b800000)]

Other Threads:
  0x000001f55cfb4800 VMThread [stack: 0x0000004f8c200000,0x0000004f8c300000] [id=14384]
  0x000001f55f506800 WatcherThread [stack: 0x0000004f8cc00000,0x0000004f8cd00000] [id=16636]

VM state:not at safepoint (normal execution)

VM Mutex/Monitor currently owned by a thread: None

heap address: 0x00000006c1000000, size: 4080 MB, Compressed Oops mode: Zero based, Oop shift amount: 3
Narrow klass base: 0x0000000000000000, Narrow klass shift: 3
Compressed class space size: 1073741824 Address: 0x00000007c0000000

Heap:
 PSYoungGen      total 141824K, used 19144K [0x000000076b000000, 0x000000077b500000, 0x00000007c0000000)
  eden space 131072K, 12% used [0x000000076b000000,0x000000076bf61df8,0x0000000773000000)
  from space 10752K, 31% used [0x0000000773000000,0x0000000773350400,0x0000000773a80000)
  to   space 26112K, 0% used [0x0000000779b80000,0x0000000779b80000,0x000000077b500000)
 ParOldGen       total 118784K, used 19921K [0x00000006c1000000, 0x00000006c8400000, 0x000000076b000000)
  object space 118784K, 16% used [0x00000006c1000000,0x00000006c2374570,0x00000006c8400000)
 Metaspace       used 23030K, capacity 23430K, committed 23552K, reserved 1069056K
  class space    used 2884K, capacity 2993K, committed 3072K, reserved 1048576K

Card table byte_map: [0x000001f553010000,0x000001f553810000] byte_map_base: 0x000001f54fa08000

Marking Bits: (ParMarkBitMap*) 0x0000000053049030
 Begin Bits: [0x000001f553d60000, 0x000001f557d20000)
 End Bits:   [0x000001f557d20000, 0x000001f55bce0000)

Polling page: 0x000001f542440000

CodeCache: size=245760Kb used=14945Kb max_used=14949Kb free=230814Kb
 bounds [0x000001f543c50000, 0x000001f544b00000, 0x000001f552c50000]
 total_blobs=4815 nmethods=4369 adapters=359
 compilation: enabled

Compilation events (10 events):
Event: 4.892 Thread 0x000001f55d015800 nmethod 4383 0x000001f544af2590 code [0x000001f544af2780, 0x000001f544af2fb0]
Event: 4.894 Thread 0x000001f55d008800 nmethod 4382 0x000001f544af0750 code [0x000001f544af08a0, 0x000001f544af0e78]
Event: 4.895 Thread 0x000001f55d015800 4384       3       java.nio.DirectByteBuffer::put (18 bytes)
Event: 4.895 Thread 0x000001f55d015800 nmethod 4384 0x000001f544af1ad0 code [0x000001f544af1c40, 0x000001f544af1eb8]
Event: 4.895 Thread 0x000001f55d015800 4385       3       java.nio.DirectByteBuffer::ix (10 bytes)
Event: 4.895 Thread 0x000001f55d015800 nmethod 4385 0x000001f544af1790 code [0x000001f544af18e0, 0x000001f544af1a38]
Event: 4.896 Thread 0x000001f55d015800 4387       3       java.nio.DirectByteBuffer::put (18 bytes)
Event: 4.896 Thread 0x000001f55d015800 nmethod 4387 0x000001f544af1290 code [0x000001f544af1400, 0x000001f544af1678]
Event: 4.896 Thread 0x000001f55d015800 4388       1       java.nio.DirectByteBuffer::ix (10 bytes)
Event: 4.896 Thread 0x000001f55d015800 nmethod 4388 0x000001f544af6790 code [0x000001f544af68e0, 0x000001f544af69f8]

GC Heap History (10 events):
Event: 1.216 GC heap before
{Heap before GC invocations=2 (full 0):
 PSYoungGen      total 76288K, used 76278K [0x000000076b000000, 0x0000000770500000, 0x00000007c0000000)
  eden space 65536K, 100% used [0x000000076b000000,0x000000076f000000,0x000000076f000000)
  from space 10752K, 99% used [0x000000076f000000,0x000000076fa7d9f0,0x000000076fa80000)
  to   space 10752K, 0% used [0x000000076fa80000,0x000000076fa80000,0x0000000770500000)
 ParOldGen       total 175104K, used 3787K [0x00000006c1000000, 0x00000006cbb00000, 0x000000076b000000)
  object space 175104K, 2% used [0x00000006c1000000,0x00000006c13b2e88,0x00000006cbb00000)
 Metaspace       used 14708K, capacity 14858K, committed 15104K, reserved 1062912K
  class space    used 1888K, capacity 1951K, committed 2048K, reserved 1048576K
Event: 1.225 GC heap after
Heap after GC invocations=2 (full 0):
 PSYoungGen      total 76288K, used 10728K [0x000000076b000000, 0x0000000774500000, 0x00000007c0000000)
  eden space 65536K, 0% used [0x000000076b000000,0x000000076b000000,0x000000076f000000)
  from space 10752K, 99% used [0x000000076fa80000,0x00000007704fa0c8,0x0000000770500000)
  to   space 10752K, 0% used [0x000000076f000000,0x000000076f000000,0x000000076fa80000)
 ParOldGen       total 175104K, used 13373K [0x00000006c1000000, 0x00000006cbb00000, 0x000000076b000000)
  object space 175104K, 7% used [0x00000006c1000000,0x00000006c1d0f7d8,0x00000006cbb00000)
 Metaspace       used 14708K, capacity 14858K, committed 15104K, reserved 1062912K
  class space    used 1888K, capacity 1951K, committed 2048K, reserved 1048576K
}
Event: 1.981 GC heap before
{Heap before GC invocations=3 (full 0):
 PSYoungGen      total 76288K, used 76264K [0x000000076b000000, 0x0000000774500000, 0x00000007c0000000)
  eden space 65536K, 100% used [0x000000076b000000,0x000000076f000000,0x000000076f000000)
  from space 10752K, 99% used [0x000000076fa80000,0x00000007704fa0c8,0x0000000770500000)
  to   space 10752K, 0% used [0x000000076f000000,0x000000076f000000,0x000000076fa80000)
 ParOldGen       total 175104K, used 13373K [0x00000006c1000000, 0x00000006cbb00000, 0x000000076b000000)
  object space 175104K, 7% used [0x00000006c1000000,0x00000006c1d0f7d8,0x00000006cbb00000)
 Metaspace       used 20209K, capacity 20498K, committed 20608K, reserved 1067008K
  class space    used 2579K, capacity 2655K, committed 2688K, reserved 1048576K
Event: 1.990 GC heap after
Heap after GC invocations=3 (full 0):
 PSYoungGen      total 76288K, used 10744K [0x000000076b000000, 0x0000000774500000, 0x00000007c0000000)
  eden space 65536K, 0% used [0x000000076b000000,0x000000076b000000,0x000000076f000000)
  from space 10752K, 99% used [0x000000076f000000,0x000000076fa7e0f8,0x000000076fa80000)
  to   space 10752K, 0% used [0x0000000773a80000,0x0000000773a80000,0x0000000774500000)
 ParOldGen       total 175104K, used 22515K [0x00000006c1000000, 0x00000006cbb00000, 0x000000076b000000)
  object space 175104K, 12% used [0x00000006c1000000,0x00000006c25fcf10,0x00000006cbb00000)
 Metaspace       used 20209K, capacity 20498K, committed 20608K, reserved 1067008K
  class space    used 2579K, capacity 2655K, committed 2688K, reserved 1048576K
}
Event: 2.032 GC heap before
{Heap before GC invocations=4 (full 0):
 PSYoungGen      total 76288K, used 15551K [0x000000076b000000, 0x0000000774500000, 0x00000007c0000000)
  eden space 65536K, 7% used [0x000000076b000000,0x000000076b4b1e38,0x000000076f000000)
  from space 10752K, 99% used [0x000000076f000000,0x000000076fa7e0f8,0x000000076fa80000)
  to   space 10752K, 0% used [0x0000000773a80000,0x0000000773a80000,0x0000000774500000)
 ParOldGen       total 175104K, used 22515K [0x00000006c1000000, 0x00000006cbb00000, 0x000000076b000000)
  object space 175104K, 12% used [0x00000006c1000000,0x00000006c25fcf10,0x00000006cbb00000)
 Metaspace       used 20839K, capacity 21136K, committed 21248K, reserved 1067008K
  class space    used 2659K, capacity 2760K, committed 2816K, reserved 1048576K
Event: 2.039 GC heap after
Heap after GC invocations=4 (full 0):
 PSYoungGen      total 141824K, used 10736K [0x000000076b000000, 0x0000000774500000, 0x00000007c0000000)
  eden space 131072K, 0% used [0x000000076b000000,0x000000076b000000,0x0000000773000000)
  from space 10752K, 99% used [0x0000000773a80000,0x00000007744fc060,0x0000000774500000)
  to   space 10752K, 0% used [0x0000000773000000,0x0000000773000000,0x0000000773a80000)
 ParOldGen       total 175104K, used 22749K [0x00000006c1000000, 0x00000006cbb00000, 0x000000076b000000)
  object space 175104K, 12% used [0x00000006c1000000,0x00000006c26376e8,0x00000006cbb00000)
 Metaspace       used 20839K, capacity 21136K, committed 21248K, reserved 1067008K
  class space    used 2659K, capacity 2760K, committed 2816K, reserved 1048576K
}
Event: 2.039 GC heap before
{Heap before GC invocations=5 (full 1):
 PSYoungGen      total 141824K, used 10736K [0x000000076b000000, 0x0000000774500000, 0x00000007c0000000)
  eden space 131072K, 0% used [0x000000076b000000,0x000000076b000000,0x0000000773000000)
  from space 10752K, 99% used [0x0000000773a80000,0x00000007744fc060,0x0000000774500000)
  to   space 10752K, 0% used [0x0000000773000000,0x0000000773000000,0x0000000773a80000)
 ParOldGen       total 175104K, used 22749K [0x00000006c1000000, 0x00000006cbb00000, 0x000000076b000000)
  object space 175104K, 12% used [0x00000006c1000000,0x00000006c26376e8,0x00000006cbb00000)
 Metaspace       used 20839K, capacity 21136K, committed 21248K, reserved 1067008K
  class space    used 2659K, capacity 2760K, committed 2816K, reserved 1048576K
Event: 2.075 GC heap after
Heap after GC invocations=5 (full 1):
 PSYoungGen      total 141824K, used 0K [0x000000076b000000, 0x0000000774500000, 0x00000007c0000000)
  eden space 131072K, 0% used [0x000000076b000000,0x000000076b000000,0x0000000773000000)
  from space 10752K, 0% used [0x0000000773a80000,0x0000000773a80000,0x0000000774500000)
  to   space 10752K, 0% used [0x0000000773000000,0x0000000773000000,0x0000000773a80000)
 ParOldGen       total 118784K, used 19913K [0x00000006c1000000, 0x00000006c8400000, 0x000000076b000000)
  object space 118784K, 16% used [0x00000006c1000000,0x00000006c2372570,0x00000006c8400000)
 Metaspace       used 20839K, capacity 21136K, committed 21248K, reserved 1067008K
  class space    used 2659K, capacity 2760K, committed 2816K, reserved 1048576K
}
Event: 4.738 GC heap before
{Heap before GC invocations=6 (full 1):
 PSYoungGen      total 141824K, used 131072K [0x000000076b000000, 0x0000000774500000, 0x00000007c0000000)
  eden space 131072K, 100% used [0x000000076b000000,0x0000000773000000,0x0000000773000000)
  from space 10752K, 0% used [0x0000000773a80000,0x0000000773a80000,0x0000000774500000)
  to   space 10752K, 0% used [0x0000000773000000,0x0000000773000000,0x0000000773a80000)
 ParOldGen       total 118784K, used 19913K [0x00000006c1000000, 0x00000006c8400000, 0x000000076b000000)
  object space 118784K, 16% used [0x00000006c1000000,0x00000006c2372570,0x00000006c8400000)
 Metaspace       used 22145K, capacity 22470K, committed 22656K, reserved 1069056K
  class space    used 2787K, capacity 2865K, committed 2944K, reserved 1048576K
Event: 4.741 GC heap after
Heap after GC invocations=6 (full 1):
 PSYoungGen      total 141824K, used 3393K [0x000000076b000000, 0x000000077b500000, 0x00000007c0000000)
  eden space 131072K, 0% used [0x000000076b000000,0x000000076b000000,0x0000000773000000)
  from space 10752K, 31% used [0x0000000773000000,0x0000000773350400,0x0000000773a80000)
  to   space 26112K, 0% used [0x0000000779b80000,0x0000000779b80000,0x000000077b500000)
 ParOldGen       total 118784K, used 19921K [0x00000006c1000000, 0x00000006c8400000, 0x000000076b000000)
  object space 118784K, 16% used [0x00000006c1000000,0x00000006c2374570,0x00000006c8400000)
 Metaspace       used 22145K, capacity 22470K, committed 22656K, reserved 1069056K
  class space    used 2787K, capacity 2865K, committed 2944K, reserved 1048576K
}

Deoptimization events (10 events):
Event: 4.163 Thread 0x000001f54235a800 Uncommon trap: reason=bimorphic action=maybe_recompile pc=0x000001f54472b248 method=org.uqbar.project.wollok.model.WollokModelExtensions._name(Lorg/uqbar/project/wollok/wollokDsl/WNamed;)Ljava/lang/String; @ 1
Event: 4.163 Thread 0x000001f54235a800 Uncommon trap: reason=bimorphic action=maybe_recompile pc=0x000001f54472b248 method=org.uqbar.project.wollok.model.WollokModelExtensions._name(Lorg/uqbar/project/wollok/wollokDsl/WNamed;)Ljava/lang/String; @ 1
Event: 4.164 Thread 0x000001f54235a800 Uncommon trap: reason=bimorphic action=maybe_recompile pc=0x000001f54474b26c method=org.uqbar.project.wollok.model.WollokModelExtensions._name(Lorg/uqbar/project/wollok/wollokDsl/WNamed;)Ljava/lang/String; @ 1
Event: 4.164 Thread 0x000001f54235a800 Uncommon trap: reason=class_check action=maybe_recompile pc=0x000001f544729fb4 method=org.uqbar.project.wollok.model.WMethodContainerExtensions.matches(Lorg/uqbar/project/wollok/wollokDsl/WMethodDeclaration;Ljava/lang/String;Ljava/util/List;)Z @ 3
Event: 4.164 Thread 0x000001f54235a800 Uncommon trap: reason=class_check action=maybe_recompile pc=0x000001f544729fb4 method=org.uqbar.project.wollok.model.WMethodContainerExtensions.matches(Lorg/uqbar/project/wollok/wollokDsl/WMethodDeclaration;Ljava/lang/String;Ljava/util/List;)Z @ 3
Event: 4.173 Thread 0x000001f54235a800 Uncommon trap: reason=class_check action=maybe_recompile pc=0x000001f544729fb4 method=org.uqbar.project.wollok.model.WMethodContainerExtensions.matches(Lorg/uqbar/project/wollok/wollokDsl/WMethodDeclaration;Ljava/lang/String;Ljava/util/List;)Z @ 3
Event: 4.400 Thread 0x000001f54235a800 Uncommon trap: reason=null_check action=make_not_entrant pc=0x000001f5447d914c method=java.util.AbstractCollection.toArray([Ljava/lang/Object;)[Ljava/lang/Object; @ 119
Event: 4.405 Thread 0x000001f54235a800 Uncommon trap: reason=unstable_if action=reinterpret pc=0x000001f5446a8d14 method=org.uqbar.project.wollok.model.WMethodContainerExtensions.matches(Lorg/uqbar/project/wollok/wollokDsl/WMethodDeclaration;Ljava/lang/String;IZ)Z @ 70
Event: 4.800 Thread 0x000001f54235a800 Uncommon trap: reason=unstable_if action=reinterpret pc=0x000001f5446b30c0 method=java.io.WinNTFileSystem.normalize(Ljava/lang/String;)Ljava/lang/String; @ 49
Event: 4.809 Thread 0x000001f54235a800 Uncommon trap: reason=unstable_if action=reinterpret pc=0x000001f543e5ff0c method=sun.nio.cs.UTF_8$Encoder.encode([CII[B)I @ 33

Classes redefined (0 events):
No events

Internal exceptions (10 events):
Event: 4.118 Thread 0x000001f54235a800 Exception <a 'java/io/FileNotFoundException'> (0x000000076ba081e0) thrown at [C:\jenkins\workspace\8-2-build-windows-amd64-cygwin\jdk8u331\2416\hotspot\src\share\vm\prims\jni.cpp, line 710]
Event: 4.125 Thread 0x000001f54235a800 Exception <a 'java/io/FileNotFoundException'> (0x000000076baec290) thrown at [C:\jenkins\workspace\8-2-build-windows-amd64-cygwin\jdk8u331\2416\hotspot\src\share\vm\prims\jni.cpp, line 710]
Event: 4.130 Thread 0x000001f54235a800 Exception <a 'java/io/FileNotFoundException'> (0x000000076bb9b870) thrown at [C:\jenkins\workspace\8-2-build-windows-amd64-cygwin\jdk8u331\2416\hotspot\src\share\vm\prims\jni.cpp, line 710]
Event: 4.400 Thread 0x000001f54235a800 Implicit null exception at 0x000001f5447d8f92 to 0x000001f5447d9141
Event: 4.902 Thread 0x000001f54235a800 Exception <a 'java/security/PrivilegedActionException'> (0x000000076bc5cb80) thrown at [C:\jenkins\workspace\8-2-build-windows-amd64-cygwin\jdk8u331\2416\hotspot\src\share\vm\prims\jvm.cpp, line 1523]
Event: 4.902 Thread 0x000001f54235a800 Exception <a 'java/security/PrivilegedActionException'> (0x000000076bc5e0b0) thrown at [C:\jenkins\workspace\8-2-build-windows-amd64-cygwin\jdk8u331\2416\hotspot\src\share\vm\prims\jvm.cpp, line 1523]
Event: 4.902 Thread 0x000001f54235a800 Exception <a 'java/security/PrivilegedActionException'> (0x000000076bc5f4e0) thrown at [C:\jenkins\workspace\8-2-build-windows-amd64-cygwin\jdk8u331\2416\hotspot\src\share\vm\prims\jvm.cpp, line 1523]
Event: 4.902 Thread 0x000001f54235a800 Exception <a 'java/security/PrivilegedActionException'> (0x000000076bc60ba0) thrown at [C:\jenkins\workspace\8-2-build-windows-amd64-cygwin\jdk8u331\2416\hotspot\src\share\vm\prims\jvm.cpp, line 1523]
Event: 4.902 Thread 0x000001f54235a800 Exception <a 'java/security/PrivilegedActionException'> (0x000000076bc61f98) thrown at [C:\jenkins\workspace\8-2-build-windows-amd64-cygwin\jdk8u331\2416\hotspot\src\share\vm\prims\jvm.cpp, line 1523]
Event: 4.902 Thread 0x000001f54235a800 Exception <a 'java/security/PrivilegedActionException'> (0x000000076bc63360) thrown at [C:\jenkins\workspace\8-2-build-windows-amd64-cygwin\jdk8u331\2416\hotspot\src\share\vm\prims\jvm.cpp, line 1523]

Events (10 events):
Event: 4.998 loading class org/lwjgl/openal/ALCdevice
Event: 4.998 loading class org/lwjgl/openal/ALCdevice done
Event: 4.999 loading class org/lwjgl/openal/ALCcontext
Event: 4.999 loading class org/lwjgl/openal/ALCcontext done
Event: 4.999 loading class java/nio/DirectIntBufferU
Event: 4.999 loading class java/nio/DirectIntBufferU done
Event: 5.000 loading class org/lwjgl/openal/Util
Event: 5.000 loading class org/lwjgl/openal/Util done
Event: 5.000 loading class org/lwjgl/openal/OpenALException
Event: 5.000 loading class org/lwjgl/openal/OpenALException done


Dynamic libraries:
0x00007ff7d26d0000 - 0x00007ff7d2717000 	C:\Program Files\Java\jre1.8.0_331\bin\javaw.exe
0x00007fff32cf0000 - 0x00007fff32ee8000 	C:\WINDOWS\SYSTEM32\ntdll.dll
0x00007ffefcbd0000 - 0x00007ffefcbe7000 	C:\Program Files\AVG\Antivirus\aswhook.dll
0x00007fff31620000 - 0x00007fff316dd000 	C:\WINDOWS\System32\KERNEL32.DLL
0x00007fff30a50000 - 0x00007fff30d1e000 	C:\WINDOWS\System32\KERNELBASE.dll
0x00007fff314e0000 - 0x00007fff3158e000 	C:\WINDOWS\System32\ADVAPI32.dll
0x00007fff32030000 - 0x00007fff320ce000 	C:\WINDOWS\System32\msvcrt.dll
0x00007fff31220000 - 0x00007fff312bc000 	C:\WINDOWS\System32\sechost.dll
0x00007fff32b80000 - 0x00007fff32ca5000 	C:\WINDOWS\System32\RPCRT4.dll
0x00007fff329e0000 - 0x00007fff32b80000 	C:\WINDOWS\System32\USER32.dll
0x00007fff30560000 - 0x00007fff30582000 	C:\WINDOWS\System32\win32u.dll
0x00007fff32250000 - 0x00007fff3227a000 	C:\WINDOWS\System32\GDI32.dll
0x00007fff30600000 - 0x00007fff3070b000 	C:\WINDOWS\System32\gdi32full.dll
0x00007fff304c0000 - 0x00007fff3055d000 	C:\WINDOWS\System32\msvcp_win.dll
0x00007fff30710000 - 0x00007fff30810000 	C:\WINDOWS\System32\ucrtbase.dll
0x00007fff16d60000 - 0x00007fff16ffa000 	C:\WINDOWS\WinSxS\amd64_microsoft.windows.common-controls_6595b64144ccf1df_6.0.19041.1110_none_60b5254171f9507e\COMCTL32.dll
0x00007fff314b0000 - 0x00007fff314e0000 	C:\WINDOWS\System32\IMM32.DLL
0x00007fff29590000 - 0x00007fff295a5000 	C:\Program Files\Java\jre1.8.0_331\bin\vcruntime140.dll
0x00007fff06340000 - 0x00007fff063db000 	C:\Program Files\Java\jre1.8.0_331\bin\msvcp140.dll
0x0000000052860000 - 0x00000000530c1000 	C:\Program Files\Java\jre1.8.0_331\bin\server\jvm.dll
0x00007fff32280000 - 0x00007fff32288000 	C:\WINDOWS\System32\PSAPI.DLL
0x00007fff208b0000 - 0x00007fff208b9000 	C:\WINDOWS\SYSTEM32\WSOCK32.dll
0x00007fff20950000 - 0x00007fff20977000 	C:\WINDOWS\SYSTEM32\WINMM.dll
0x00007fff315b0000 - 0x00007fff3161b000 	C:\WINDOWS\System32\WS2_32.dll
0x00007fff29680000 - 0x00007fff2968a000 	C:\WINDOWS\SYSTEM32\VERSION.dll
0x00007fff2e320000 - 0x00007fff2e332000 	C:\WINDOWS\SYSTEM32\kernel.appcore.dll
0x00007fff2ae10000 - 0x00007fff2ae20000 	C:\Program Files\Java\jre1.8.0_331\bin\verify.dll
0x00007fff12ca0000 - 0x00007fff12ccb000 	C:\Program Files\Java\jre1.8.0_331\bin\java.dll
0x00007fff29840000 - 0x00007fff29858000 	C:\Program Files\Java\jre1.8.0_331\bin\zip.dll
0x00007fff32290000 - 0x00007fff329d3000 	C:\WINDOWS\System32\SHELL32.dll
0x00007fff2e520000 - 0x00007fff2ecb5000 	C:\WINDOWS\SYSTEM32\windows.storage.dll
0x00007fff30d50000 - 0x00007fff310a4000 	C:\WINDOWS\System32\combase.dll
0x00007fff2fe70000 - 0x00007fff2fea0000 	C:\WINDOWS\SYSTEM32\Wldp.dll
0x00007fff31110000 - 0x00007fff311bd000 	C:\WINDOWS\System32\SHCORE.dll
0x00007fff311c0000 - 0x00007fff31215000 	C:\WINDOWS\System32\shlwapi.dll
0x00007fff30350000 - 0x00007fff3036f000 	C:\WINDOWS\SYSTEM32\profapi.dll
0x00007fff17410000 - 0x00007fff1742c000 	C:\Program Files\Java\jre1.8.0_331\bin\net.dll
0x00007fff2fbd0000 - 0x00007fff2fc3a000 	C:\WINDOWS\system32\mswsock.dll
0x00007fff2f910000 - 0x00007fff2f9da000 	C:\WINDOWS\SYSTEM32\DNSAPI.dll
0x00007fff2f870000 - 0x00007fff2f8ab000 	C:\WINDOWS\SYSTEM32\IPHLPAPI.DLL
0x00007fff31e40000 - 0x00007fff31e48000 	C:\WINDOWS\System32\NSI.dll
0x00007fff29690000 - 0x00007fff2969a000 	C:\Windows\System32\rasadhlp.dll
0x00007fff27ac0000 - 0x00007fff27b40000 	C:\WINDOWS\System32\fwpuclnt.dll
0x00007fff30d20000 - 0x00007fff30d47000 	C:\WINDOWS\System32\bcrypt.dll
0x0000000065580000 - 0x0000000065616000 	C:\Users\pc\AppData\Local\Temp\libgdxpc\12dfaa03\gdx64.dll
0x00007fff2fdc0000 - 0x00007fff2fdd8000 	C:\WINDOWS\SYSTEM32\CRYPTSP.dll
0x00007fff2f4e0000 - 0x00007fff2f514000 	C:\WINDOWS\system32\rsaenh.dll
0x00007fff302d0000 - 0x00007fff302fe000 	C:\WINDOWS\SYSTEM32\USERENV.dll
0x00007fff309c0000 - 0x00007fff30a42000 	C:\WINDOWS\System32\bcryptprimitives.dll
0x00007fff2fde0000 - 0x00007fff2fdec000 	C:\WINDOWS\SYSTEM32\CRYPTBASE.dll
0x00007fff2ad90000 - 0x00007fff2ada7000 	C:\WINDOWS\SYSTEM32\dhcpcsvc6.DLL
0x00007fff2ac70000 - 0x00007fff2ac8d000 	C:\WINDOWS\SYSTEM32\dhcpcsvc.DLL
0x00007fff17360000 - 0x00007fff17373000 	C:\Program Files\Java\jre1.8.0_331\bin\nio.dll
0x0000000180000000 - 0x0000000180053000 	C:\Users\pc\AppData\Local\Temp\libgdxpc\dc0f0009\lwjgl64.dll
0x00007fff05820000 - 0x00007fff05947000 	C:\WINDOWS\SYSTEM32\OPENGL32.dll
0x00007fff12b60000 - 0x00007fff12b8c000 	C:\WINDOWS\SYSTEM32\GLU32.dll
0x000001f563130000 - 0x000001f563194000 	C:\Users\pc\AppData\Local\Temp\libgdxpc\dc0f0009\OpenAL64.dll
0x00007fff31f00000 - 0x00007fff3202a000 	C:\WINDOWS\System32\ole32.dll
0x00007fff2de40000 - 0x00007fff2dede000 	C:\WINDOWS\system32\uxtheme.dll
0x000001f563350000 - 0x000001f566127000 	C:\Program Files (x86)\RivaTuner Statistics Server\RTSSHooks64.dll
0x00007fff316e0000 - 0x00007fff31b4f000 	C:\WINDOWS\System32\SETUPAPI.dll
0x00007fff30810000 - 0x00007fff3085e000 	C:\WINDOWS\System32\cfgmgr32.dll
0x00007fff31e50000 - 0x00007fff31ef9000 	C:\WINDOWS\System32\clbcatq.dll
0x00007fff05290000 - 0x00007fff0532c000 	C:\WINDOWS\SYSTEM32\dsound.dll
0x00007fff2f9e0000 - 0x00007fff2fa2b000 	C:\WINDOWS\SYSTEM32\powrprof.dll
0x00007fff152c0000 - 0x00007fff152e6000 	C:\WINDOWS\SYSTEM32\winmmbase.dll
0x00007fff2f850000 - 0x00007fff2f862000 	C:\WINDOWS\SYSTEM32\UMPDC.dll
0x00007fff238f0000 - 0x00007fff23975000 	C:\WINDOWS\System32\MMDevApi.dll
0x00007fff301c0000 - 0x00007fff301ec000 	C:\WINDOWS\System32\DEVOBJ.dll
0x00007fff0da40000 - 0x00007fff0dbc2000 	C:\WINDOWS\SYSTEM32\AUDIOSES.DLL
0x00007fff31d70000 - 0x00007fff31e3d000 	C:\WINDOWS\System32\OLEAUT32.dll
0x00007fff272d0000 - 0x00007fff274b4000 	C:\WINDOWS\SYSTEM32\dbghelp.dll

VM Arguments:
jvm_args: -Duser.language=es_AR -Dfile.encoding=UTF-8 
java_command: org.uqbar.project.wollok.launch.WollokLauncher -r -dd -requestsPort 0 -eventsPort 0 -dynamicDiagramPort 51970 -folder -wf src/juego.wlk -darkMode
java_class_path (initial): C:\Users\pc\Cosas\UTN\Tareas Terminadas\Paradigmas de Programación\Git\Wollok\2022-tpgame-blacksuits\bin;C:\Users\pc\Cosas\UTN\Materiales\Paradigmas de Programación\Wollok\plugins\com.ibm.icu_64.2.0.v20190507-1337.jar;C:\Users\pc\Cosas\UTN\Materiales\Paradigmas de Programación\Wollok\plugins\org.eclipse.xtext_2.20.0.v20191202-0915.jar;C:\Users\pc\Cosas\UTN\Materiales\Paradigmas de Programación\Wollok\plugins\org.eclipse.emf.ecore.xmi_2.16.0.v20190528-0725.jar;C:\Users\pc\Cosas\UTN\Materiales\Paradigmas de Programación\Wollok\plugins\org.eclipse.emf.ecore_2.20.0.v20190920-0401.jar;C:\Users\pc\Cosas\UTN\Materiales\Paradigmas de Programación\Wollok\plugins\org.eclipse.emf.common_2.17.0.v20190920-0401.jar;C:\Users\pc\Cosas\UTN\Materiales\Paradigmas de Programación\Wollok\plugins\org.antlr.runtime_3.2.0.v201101311130.jar;C:\Users\pc\Cosas\UTN\Materiales\Paradigmas de Programación\Wollok\plugins\com.google.inject_3.0.0.v201605172100.jar;C:\Users\pc\Cosas\UTN\Materiales\Paradigmas de Programación\Wollok\plugins\org.eclipse.emf.mwe.core_1.5.1.v20191121-1148.jar;C:\Users\pc\Cosas\UTN\Materiales\Paradigmas de Programación\Wollok\plugins\org.apache.commons.cli_1.2.0.v201404270220.jar;C:\Users\pc\Cosas\UTN\Materiales\Paradigmas de Programación\Wollok\plugins\org.eclipse.emf.mwe2.runtime_2.11.1.v20191121-1148.jar;C:\Users\pc\Cosas\UTN\Materiales\Paradigmas de Programación\Wollok\plugins\org.eclipse.emf.mwe.utils_1.5.1.v20191121-1148.jar;C:\Users\pc\Cosas\UTN\Materiales\Paradigmas de Programación\Wollok\plugins\org.eclipse.xtext.util_2.20.0.v20191202-0915.jar;C:\Users\pc\Cosas\UTN\Materiales\Paradigmas de Programación\Wollok\plugins\com.google.guava_27.1.0.v20190517-1946.jar;C:\Users\pc\Cosas\UTN\Materiales\Paradigmas de Programación\Wollok\plugins\javax.inject_1.0.0.v20091030.jar;C:\Users\pc\Cosas\UTN\Materiales\Paradigmas de Programación\Wollok\plugins\org.eclipse.xtext.generator_2.20.0.v20191202-0933.jar;C:\Users\pc\Cosas\UTN\Materiales\Paradigmas 
Launcher Type: SUN_STANDARD

Environment Variables:
PATH=C:/Program Files/Java/jre1.8.0_331/bin/server;C:/Program Files/Java/jre1.8.0_331/bin;C:/Program Files/Java/jre1.8.0_331/lib/amd64;C:\Program Files (x86)\Common Files\Oracle\Java\javapath;C:\WINDOWS\system32;C:\WINDOWS;C:\WINDOWS\System32\Wbem;C:\WINDOWS\System32\WindowsPowerShell\v1.0\;C:\WINDOWS\System32\OpenSSH\;C:\Program Files (x86)\NVIDIA Corporation\PhysX\Common;C:\WINDOWS\system32;C:\WINDOWS;C:\WINDOWS\System32\Wbem;C:\WINDOWS\System32\WindowsPowerShell\v1.0\;C:\WINDOWS\System32\OpenSSH\;C:\Program Files\NVIDIA Corporation\NVIDIA NvDLISR;C:\Program Files\dotnet\;C:\Program Files\swipl\bin;C:\Program Files\Git\cmd;C:\Program Files\nodejs\;C:\Users\pc\AppData\Roaming\local\bin;C:\Users\pc\AppData\Local\Microsoft\WindowsApps;C:\Users\pc\AppData\Local\Programs\Microsoft VS Code\bin;C:\Users\pc\.dotnet\tools;C:\Users\pc\AppData\Local\GitHubDesktop\bin;C:\Users\pc\AppData\Roaming\npm;C:\Users\pc\Cosas\UTN\Materiales\Paradigmas de Programación\Wollok;
USERNAME=pc
OS=Windows_NT
PROCESSOR_IDENTIFIER=AMD64 Family 23 Model 8 Stepping 2, AuthenticAMD



---------------  S Y S T E M  ---------------

OS: Windows 10 , 64 bit Build 19041 (10.0.19041.1889)

CPU:total 12 (initial active 12) (12 cores per cpu, 1 threads per core) family 23 model 8 stepping 2, cmov, cx8, fxsr, mmx, sse, sse2, sse3, ssse3, sse4.1, sse4.2, popcnt, avx, avx2, aes, clmul, mmxext, 3dnowpref, lzcnt, sse4a, tsc, tscinvbit, tscinv, bmi1

Memory: 4k page, physical 16705684k(10351684k free), swap 20899988k(9271752k free)

vm_info: Java HotSpot(TM) 64-Bit Server VM (25.331-b09) for windows-amd64 JRE (1.8.0_331-b09), built on Mar 10 2022 03:14:38 by "java_re" with MS VC++ 15.9 (VS2017)

time: Sun Oct  9 21:42:32 2022
timezone: Hora estándar de Argentina
elapsed time: 5.060224 seconds (0d 0h 0m 5s)

